[sor: 1, oszlop: 1, hossz: 4] Típus: szám
[sor: 1, oszlop: 6, hossz: 5] Változó: fibo0
[sor: 1, oszlop: 12, hossz: 6] Operátor: legyen
[sor: 1, oszlop: 19, hossz: 1] Egész szám: 0
[sor: 1, oszlop: 20, hossz: 1] Utasítás vége: ;
[sor: 2, oszlop: 1, hossz: 4] Típus: szám
[sor: 2, oszlop: 6, hossz: 5] Változó: fibo1
[sor: 2, oszlop: 12, hossz: 6] Operátor: legyen
[sor: 2, oszlop: 19, hossz: 1] Egész szám: 1
[sor: 2, oszlop: 20, hossz: 1] Utasítás vége: ;
[sor: 3, oszlop: 1, hossz: 4] Típus: szám
[sor: 3, oszlop: 6, hossz: 5] Változó: count
[sor: 3, oszlop: 11, hossz: 1] Utasítás vége: ;
[sor: 4, oszlop: 1, hossz: 7] Bemeneti-kimeneti parancs: beolvas
[sor: 4, oszlop: 9, hossz: 5] Változó: count
[sor: 4, oszlop: 14, hossz: 1] Utasítás vége: ;
[sor: 5, oszlop: 1, hossz: 5] Változó: count
[sor: 5, oszlop: 7, hossz: 6] Operátor: legyen
[sor: 5, oszlop: 14, hossz: 5] Változó: count
[sor: 5, oszlop: 20, hossz: 6] Operátor: mínusz
[sor: 5, oszlop: 27, hossz: 1] Egész szám: 1
[sor: 5, oszlop: 28, hossz: 1] Utasítás vége: ;
[sor: 8, oszlop: 1, hossz: 4] Ciklus kezdő: amíg
[sor: 8, oszlop: 6, hossz: 1] Zárójel kezdő: (
[sor: 8, oszlop: 7, hossz: 5] Változó: count
[sor: 8, oszlop: 13, hossz: 11] Logikai kifejezés: nem egyenlő
[sor: 8, oszlop: 25, hossz: 1] Egész szám: 0
[sor: 8, oszlop: 26, hossz: 1] Zárójel vége: )
[sor: 9, oszlop: 1, hossz: 1] Blokk kezdő: {
[sor: 10, oszlop: 5, hossz: 4] Típus: szám
[sor: 10, oszlop: 10, hossz: 9] Változó: jelenlegi
[sor: 10, oszlop: 20, hossz: 6] Operátor: legyen
[sor: 10, oszlop: 27, hossz: 5] Változó: fibo0
[sor: 10, oszlop: 33, hossz: 3] Operátor: meg
[sor: 10, oszlop: 37, hossz: 5] Változó: fibo1
[sor: 10, oszlop: 42, hossz: 1] Utasítás vége: ;
[sor: 11, oszlop: 5, hossz: 5] Változó: fibo0
[sor: 11, oszlop: 11, hossz: 6] Operátor: legyen
[sor: 11, oszlop: 18, hossz: 5] Változó: fibo1
[sor: 11, oszlop: 23, hossz: 1] Utasítás vége: ;
[sor: 12, oszlop: 5, hossz: 5] Változó: fibo1
[sor: 12, oszlop: 11, hossz: 6] Operátor: legyen
[sor: 12, oszlop: 18, hossz: 9] Változó: jelenlegi
[sor: 12, oszlop: 27, hossz: 1] Utasítás vége: ;
[sor: 13, oszlop: 5, hossz: 5] Változó: count
[sor: 13, oszlop: 11, hossz: 6] Operátor: legyen
[sor: 13, oszlop: 18, hossz: 5] Változó: count
[sor: 13, oszlop: 24, hossz: 6] Operátor: mínusz
[sor: 13, oszlop: 31, hossz: 1] Egész szám: 1
[sor: 13, oszlop: 32, hossz: 1] Utasítás vége: ;
[sor: 14, oszlop: 5, hossz: 4] Bemeneti-kimeneti parancs: kiír
[sor: 14, oszlop: 10, hossz: 9] Változó: jelenlegi
[sor: 14, oszlop: 19, hossz: 1] Utasítás vége: ;
[sor: 15, oszlop: 1, hossz: 1] Blokk vége: }
